#
# There is insufficient memory for the Java Runtime Environment to continue.
# Native memory allocation (mmap) failed to map 65536 bytes for Failed to commit area from 0x0000021262550000 to 0x0000021262560000 of length 65536.
# Possible reasons:
#   The system is out of physical RAM or swap space
#   The process is running with CompressedOops enabled, and the Java Heap may be blocking the growth of the native heap
# Possible solutions:
#   Reduce memory load on the system
#   Increase physical memory or swap space
#   Check if swap backing store is full
#   Decrease Java heap size (-Xmx/-Xms)
#   Decrease number of Java threads
#   Decrease Java thread stack sizes (-Xss)
#   Set larger code cache with -XX:ReservedCodeCacheSize=
# This output file may be truncated or incomplete.
#
#  Out of Memory Error (./src/hotspot/os/windows/os_windows.cpp:3521), pid=10660, tid=15180
#
# JRE version:  (11.0.12+7) (build )
# Java VM: OpenJDK 64-Bit Server VM (11.0.12+7-b1504.40, mixed mode, sharing, tiered, compressed oops, g1 gc, windows-amd64)
# No core dump will be written. Minidumps are not enabled by default on client versions of Windows
#

---------------  S U M M A R Y ------------

Command Line: git4idea.http.GitAskPassApp Username for 'http://47.99.38.141:10080': 

Host: Intel(R) Core(TM) i5-9400 CPU @ 2.90GHz, 6 cores, 15G,  Windows 10 , 64 bit Build 17763 (10.0.17763.292)
Time: Mon Jan 17 18:38:03 2022 ?D1ú±ê×?ê±?? elapsed time: 0.027627 seconds (0d 0h 0m 0s)

---------------  T H R E A D  ---------------

Current thread (0x000002124befa800):  JavaThread "Unknown thread" [_thread_in_vm, id=15180, stack(0x0000002406d00000,0x0000002406e00000)]

Stack: [0x0000002406d00000,0x0000002406e00000]
Native frames: (J=compiled Java code, j=interpreted, Vv=VM code, C=native code)
V  [jvm.dll+0x5ff40a]
V  [jvm.dll+0x783b65]
V  [jvm.dll+0x78517d]
V  [jvm.dll+0x785833]
V  [jvm.dll+0x249408]
V  [jvm.dll+0x5fc7f4]
V  [jvm.dll+0x5f13c5]
V  [jvm.dll+0x3076bb]
V  [jvm.dll+0x30762a]
V  [jvm.dll+0x307502]
V  [jvm.dll+0x30c575]
V  [jvm.dll+0x355555]
V  [jvm.dll+0x355c46]
V  [jvm.dll+0x355643]
V  [jvm.dll+0x2e2018]
V  [jvm.dll+0x2e31c7]
V  [jvm.dll+0x761f57]
V  [jvm.dll+0x76374c]
V  [jvm.dll+0x362ab9]
V  [jvm.dll+0x7455be]
V  [jvm.dll+0x3cb673]
V  [jvm.dll+0x3cda21]
C  [jli.dll+0x536b]
C  [ucrtbase.dll+0x203ba]
C  [KERNEL32.DLL+0x181f4]
C  [ntdll.dll+0x6a251]


---------------  P R O C E S S  ---------------

Threads class SMR info:
_java_thread_list=0x000002124bca4e30, length=0, elements={
}

Java Threads: ( => current thread )

Other Threads:
  0x000002124bf12000 GCTaskThread "GC Thread#0" [stack: 0x0000002406e00000,0x0000002406f00000] [id=2620]
  0x000002124bf6f000 ConcurrentGCThread "G1 Main Marker" [stack: 0x0000002406f00000,0x0000002407000000] [id=14008]
  0x000002124bf70800 ConcurrentGCThread "G1 Conc#0" [stack: 0x0000002407000000,0x0000002407100000] [id=11656]

[error occurred during error reporting (printing all threads), id 0xc0000005, EXCEPTION_ACCESS_VIOLATION (0xc0000005) at pc=0x00007ffb83ad27a7]

VM state:not at safepoint (not fully initialized)

VM Mutex/Monitor currently owned by a thread:  ([mutex/lock_event])
[0x000002124bef9e40] Heap_lock - owner thread: 0x000002124befa800

Heap address: 0x0000000701600000, size: 4074 MB, Compressed Oops mode: Non-zero based: 0x0000000701600000
Narrow klass base: 0x0000000000000000, Narrow klass shift: 0

GC Heap History (0 events):
No events

Deoptimization events (0 events):
No events

Classes redefined (0 events):
No events

Internal exceptions (0 events):
No events

Events (1 events):
Event: 0.009 Loaded shared library D:\软件\webstorm\WebStorm 2021.2.3\jbr\bin\zip.dll


Dynamic libraries:
0x00007ff6d5840000 - 0x00007ff6d584a000 	D:\软件\webstorm\WebStorm 2021.2.3\jbr\bin\java.exe
0x00007ffbcc380000 - 0x00007ffbcc56d000 	C:\Windows\SYSTEM32\ntdll.dll
0x00007ffbcbae0000 - 0x00007ffbcbb93000 	C:\Windows\System32\KERNEL32.DLL
0x00007ffbc87c0000 - 0x00007ffbc8a53000 	C:\Windows\System32\KERNELBASE.dll
0x00007ffbc86c0000 - 0x00007ffbc87bc000 	C:\Windows\System32\ucrtbase.dll
0x00007ffb9d8e0000 - 0x00007ffb9d8f9000 	D:\软件\webstorm\WebStorm 2021.2.3\jbr\bin\jli.dll
0x00007ffbcabd0000 - 0x00007ffbcad67000 	C:\Windows\System32\USER32.dll
0x00007ffbc85f0000 - 0x00007ffbc8610000 	C:\Windows\System32\win32u.dll
0x00007ffbcb330000 - 0x00007ffbcb359000 	C:\Windows\System32\GDI32.dll
0x00007ffbc8450000 - 0x00007ffbc85ea000 	C:\Windows\System32\gdi32full.dll
0x00007ffbc9510000 - 0x00007ffbc95b0000 	C:\Windows\System32\msvcp_win.dll
0x00007ffbc5e20000 - 0x00007ffbc5e37000 	D:\软件\webstorm\WebStorm 2021.2.3\jbr\bin\VCRUNTIME140.dll
0x00007ffbb08c0000 - 0x00007ffbb0b39000 	C:\Windows\WinSxS\amd64_microsoft.windows.common-controls_6595b64144ccf1df_6.0.17763.316_none_05b53be2071f46b6\COMCTL32.dll
0x00007ffbcb0a0000 - 0x00007ffbcb13e000 	C:\Windows\System32\msvcrt.dll
0x00007ffbcbf60000 - 0x00007ffbcc28d000 	C:\Windows\System32\combase.dll
0x00007ffbcaf70000 - 0x00007ffbcb092000 	C:\Windows\System32\RPCRT4.dll
0x00007ffbc9490000 - 0x00007ffbc950e000 	C:\Windows\System32\bcryptPrimitives.dll
0x00007ffbc9650000 - 0x00007ffbc967e000 	C:\Windows\System32\IMM32.DLL
0x00007ffb833d0000 - 0x00007ffb8346d000 	D:\软件\webstorm\WebStorm 2021.2.3\jbr\bin\msvcp140.dll
0x00007ffb837e0000 - 0x00007ffb84338000 	D:\软件\webstorm\WebStorm 2021.2.3\jbr\bin\server\jvm.dll
0x00007ffbcbba0000 - 0x00007ffbcbc43000 	C:\Windows\System32\ADVAPI32.dll
0x00007ffbc95b0000 - 0x00007ffbc964e000 	C:\Windows\System32\sechost.dll
0x00007ffbcb1d0000 - 0x00007ffbcb1d8000 	C:\Windows\System32\PSAPI.DLL
0x00007ffbc5e40000 - 0x00007ffbc5e49000 	C:\Windows\SYSTEM32\WSOCK32.dll
0x00007ffbcb160000 - 0x00007ffbcb1cd000 	C:\Windows\System32\WS2_32.dll
0x00007ffbc6450000 - 0x00007ffbc6474000 	C:\Windows\SYSTEM32\WINMM.dll
0x00007ffbbeee0000 - 0x00007ffbbeeea000 	C:\Windows\SYSTEM32\VERSION.dll
0x00007ffbc6420000 - 0x00007ffbc644d000 	C:\Windows\SYSTEM32\winmmbase.dll
0x00007ffbc8c40000 - 0x00007ffbc8c8a000 	C:\Windows\System32\cfgmgr32.dll
0x00007ffbc8430000 - 0x00007ffbc8441000 	C:\Windows\System32\kernel.appcore.dll
0x00007ffbc5e00000 - 0x00007ffbc5e11000 	D:\软件\webstorm\WebStorm 2021.2.3\jbr\bin\verify.dll
0x00007ffbb6e30000 - 0x00007ffbb701d000 	C:\Windows\SYSTEM32\DBGHELP.DLL
0x00007ffbb5eb0000 - 0x00007ffbb5eda000 	C:\Windows\SYSTEM32\dbgcore.DLL
0x00007ffbc5dd0000 - 0x00007ffbc5df9000 	D:\软件\webstorm\WebStorm 2021.2.3\jbr\bin\java.dll
0x00007ffbc5dc0000 - 0x00007ffbc5dcb000 	D:\软件\webstorm\WebStorm 2021.2.3\jbr\bin\jimage.dll
0x00007ffbc5da0000 - 0x00007ffbc5db8000 	D:\软件\webstorm\WebStorm 2021.2.3\jbr\bin\zip.dll

dbghelp: loaded successfully - version: 4.0.5 - missing functions: none
symbol engine: initialized successfully - sym options: 0x614 - pdb path: .;D:\软件\webstorm\WebStorm 2021.2.3\jbr\bin;C:\Windows\SYSTEM32;C:\Windows\WinSxS\amd64_microsoft.windows.common-controls_6595b64144ccf1df_6.0.17763.316_none_05b53be2071f46b6;D:\软件\webstorm\WebStorm 2021.2.3\jbr\bin\se;D:\软件\webstorm\WebStorm 2021.2.3\jbr\bin\;D:\软件\webstorm\WebStorm 2021.2.3\jbr\bi;D:\软件\webstorm\WebStorm 2021.2.3\jbr\

VM Arguments:
java_command: git4idea.http.GitAskPassApp Username for 'http://47.99.38.141:10080': 
java_class_path (initial): D:/软件/webstorm/WebStorm 2021.2.3/plugins/git4idea/lib/git4idea-rt.jar;D:/软件/webstorm/WebStorm 2021.2.3/lib/3rd-party.jar
Launcher Type: SUN_STANDARD

[Global flags]
     intx CICompilerCount                          = 3                                         {product} {ergonomic}
     uint ConcGCThreads                            = 2                                         {product} {ergonomic}
     uint G1ConcRefinementThreads                  = 6                                         {product} {ergonomic}
   size_t G1HeapRegionSize                         = 1048576                                   {product} {ergonomic}
    uintx GCDrainStackTargetSize                   = 64                                        {product} {ergonomic}
   size_t InitialHeapSize                          = 268435456                                 {product} {ergonomic}
   size_t MarkStackSize                            = 4194304                                   {product} {ergonomic}
   size_t MaxHeapSize                              = 4271898624                                {product} {ergonomic}
   size_t MinHeapDeltaBytes                        = 1048576                                   {product} {ergonomic}
    uintx NonNMethodCodeHeapSize                   = 5830732                                {pd product} {ergonomic}
    uintx NonProfiledCodeHeapSize                  = 122913754                              {pd product} {ergonomic}
    uintx ProfiledCodeHeapSize                     = 122913754                              {pd product} {ergonomic}
    uintx ReservedCodeCacheSize                    = 251658240                              {pd product} {ergonomic}
     bool SegmentedCodeCache                       = true                                      {product} {ergonomic}
     bool UseCompressedClassPointers               = true                                 {lp64_product} {ergonomic}
     bool UseCompressedOops                        = true                                 {lp64_product} {ergonomic}
     bool UseG1GC                                  = true                                      {product} {ergonomic}
     bool UseLargePagesIndividualAllocation        = false                                  {pd product} {ergonomic}

Logging:
Log output configuration:
 #0: stdout all=warning uptime,level,tags
 #1: stderr all=off uptime,level,tags

Environment Variables:
PATH=D:\软件\git\Git\mingw64\libexec\git-core;D:\软件\git\Git\mingw64\libexec\git-core;D:\软件\git\Git\mingw64\bin;D:\软件\git\Git\usr\bin;C:\Users\Administrator\bin;C:\Windows\system32;C:\Windows;C:\Windows\System32\Wbem;C:\Windows\System32\WindowsPowerShell\v1.0;C:\Windows\System32\OpenSSH;D:\软件\node;D:\软件\git\Git\cmd;D:\Nginx\nginx-1.19.8;C:\Users\Administrator\AppData\Local\Microsoft\WindowsApps;C:\Users\Administrator\AppData\Roaming\npm;D:\软件\vscode\Microsoft VS Code\bin;D:\软件\webstorm\WebStorm 2021.2.3\bin
USERNAME=Administrator
DISPLAY=:0.0
LC_ALL=en_US.UTF-8
OS=Windows_NT
PROCESSOR_IDENTIFIER=Intel64 Family 6 Model 158 Stepping 13, GenuineIntel



---------------  S Y S T E M  ---------------

OS: Windows 10 , 64 bit Build 17763 (10.0.17763.292)
OS uptime: 5 days 5:03 hours

CPU:total 6 (initial active 6) (6 cores per cpu, 1 threads per core) family 6 model 158 stepping 13 microcode 0xaa, cmov, cx8, fxsr, mmx, sse, sse2, sse3, ssse3, sse4.1, sse4.2, popcnt, avx, avx2, aes, clmul, erms, 3dnowpref, lzcnt, tsc, tscinvbit, bmi1, bmi2, adx, fma

Memory: 4k page, system-wide physical 16291M (3612M free)
TotalPageFile size 29091M (AvailPageFile size 0M)
current process WorkingSet (physical memory assigned to process): 10M, peak: 10M
current process commit charge ("private bytes"): 315M, peak: 315M

vm_info: OpenJDK 64-Bit Server VM (11.0.12+7-b1504.40) for windows-amd64 JRE (11.0.12+7-b1504.40), built on Sep 23 2021 14:38:03 by "" with MS VC++ 14.0 (VS2015)

END.
